{"name": "Удаление курьера без указания id", "status": "failed", "statusDetails": {"message": "AssertionError: assert (404 == 400)\n +  where 404 = <Response [404]>.status_code", "trace": "self = <tests.additional_tests.test_delete_courier.TestDeleteOrder object at 0x000002D0585FFC20>\n\n    @allure.title(\"Удаление курьера без указания id\")\n    def test_delete_courier_without_id_failed(self):\n    \n        response = requests.delete(test_data.DELETE_COURIER)\n>       assert response.status_code == 400 and response.json()[\"message\"] == \"Недостаточно данных для удаления курьера\"\nE       assert (404 == 400)\nE        +  where 404 = <Response [404]>.status_code\n\ntests\\additional_tests\\test_delete_courier.py:29: AssertionError"}, "start": 1713010627866, "stop": 1713010628123, "uuid": "edb523de-40b0-467c-8302-67ad1343346d", "historyId": "4cb9f4c1c5bbb615a2de500f8d323847", "testCaseId": "4cb9f4c1c5bbb615a2de500f8d323847", "fullName": "tests.additional_tests.test_delete_courier.TestDeleteOrder#test_delete_courier_without_id_failed", "labels": [{"name": "parentSuite", "value": "tests.additional_tests"}, {"name": "suite", "value": "test_delete_courier"}, {"name": "subSuite", "value": "TestDeleteOrder"}, {"name": "host", "value": "PC_MSK-30695"}, {"name": "thread", "value": "30232-MainThread"}, {"name": "framework", "value": "pytest"}, {"name": "language", "value": "cpython3"}, {"name": "package", "value": "tests.additional_tests.test_delete_courier"}]}