{"name": "Удаление курьера без указания id", "status": "failed", "statusDetails": {"message": "AssertionError: assert (404 == 400)\n +  where 404 = <Response [404]>.status_code", "trace": "self = <tests.additional_tests.test_delete_courier.TestCreateOrder object at 0x000001C63FE838C0>\n\n    @allure.title(\"Удаление курьера без указания id\")\n    def test_delete_courier_without_id_failed(self):\n    \n        response = requests.delete(test_data.DELETE_COURIER)\n>       assert response.status_code == 400 and response.json()[\"message\"] == \"Недостаточно данных для удаления курьера\"\nE       assert (404 == 400)\nE        +  where 404 = <Response [404]>.status_code\n\ntests\\additional_tests\\test_delete_courier.py:30: AssertionError"}, "start": 1713004742980, "stop": 1713004743332, "uuid": "8a0540aa-5472-46b8-bb80-ea2913a3283e", "historyId": "0f122fb0f906119530a635a4b863564f", "testCaseId": "0f122fb0f906119530a635a4b863564f", "fullName": "tests.additional_tests.test_delete_courier.TestCreateOrder#test_delete_courier_without_id_failed", "labels": [{"name": "parentSuite", "value": "tests.additional_tests"}, {"name": "suite", "value": "test_delete_courier"}, {"name": "subSuite", "value": "TestCreateOrder"}, {"name": "host", "value": "PC_MSK-30695"}, {"name": "thread", "value": "29424-MainThread"}, {"name": "framework", "value": "pytest"}, {"name": "language", "value": "cpython3"}, {"name": "package", "value": "tests.additional_tests.test_delete_courier"}]}